
/home/runner/work/exp-beam-in-flexure-iitd/exp-beam-in-flexure-iitd/experiment/simulation/main.js
    14:10  warning  'navNext1' is defined but never used        no-unused-vars
    23:10  warning  'navNext1a' is defined but never used       no-unused-vars
    31:10  warning  'sel1' is defined but never used            no-unused-vars
    40:10  warning  'sel1x' is defined but never used           no-unused-vars
    49:10  warning  'navNext2a' is defined but never used       no-unused-vars
    57:10  warning  'sel2' is defined but never used            no-unused-vars
    68:10  warning  'sel2x' is defined but never used           no-unused-vars
    80:10  warning  'sel3' is defined but never used            no-unused-vars
    91:10  warning  'sel3x' is defined but never used           no-unused-vars
   102:10  warning  'navNext2' is defined but never used        no-unused-vars
   116:10  warning  'navNext3' is defined but never used        no-unused-vars
   137:10  warning  'navNext4' is defined but never used        no-unused-vars
   150:10  warning  'navNext5' is defined but never used        no-unused-vars
   159:10  warning  'navNextx5' is defined but never used       no-unused-vars
   194:10  warning  'navNext6' is defined but never used        no-unused-vars
   205:10  warning  'navNext7' is defined but never used        no-unused-vars
   216:10  warning  'navNext8' is defined but never used        no-unused-vars
   240:10  warning  'navNext9' is defined but never used        no-unused-vars
   255:10  warning  'navNext10' is defined but never used       no-unused-vars
   273:10  warning  'navNext11' is defined but never used       no-unused-vars
   290:10  warning  'navNext12' is defined but never used       no-unused-vars
   342:10  warning  'navNext13' is defined but never used       no-unused-vars
   358:10  warning  'navNext14' is defined but never used       no-unused-vars
   375:10  warning  'navNext15' is defined but never used       no-unused-vars
   384:1   warning  Mixed spaces and tabs                       no-mixed-spaces-and-tabs
   385:1   warning  Mixed spaces and tabs                       no-mixed-spaces-and-tabs
   389:10  warning  'navNext16' is defined but never used       no-unused-vars
   405:10  warning  'navNext17' is defined but never used       no-unused-vars
   429:10  warning  'startpressure2' is defined but never used  no-unused-vars
   467:10  warning  'start_load' is defined but never used      no-unused-vars
   495:5   warning  '$' is not defined                          no-undef
   499:9   warning  '$' is not defined                          no-undef
   502:13  warning  '$' is not defined                          no-undef
   506:17  warning  '$' is not defined                          no-undef
   508:21  warning  '$' is not defined                          no-undef
   509:21  warning  '$' is not defined                          no-undef
   510:21  warning  '$' is not defined                          no-undef
   511:21  warning  '$' is not defined                          no-undef
   512:21  warning  '$' is not defined                          no-undef
   522:5   warning  '$' is not defined                          no-undef
   526:9   warning  '$' is not defined                          no-undef
   529:13  warning  '$' is not defined                          no-undef
   533:17  warning  '$' is not defined                          no-undef
   535:21  warning  '$' is not defined                          no-undef
   556:10  warning  'navNext9a' is defined but never used       no-unused-vars
   567:10  warning  'navNexxt10' is defined but never used      no-unused-vars
   591:10  warning  'navNexttt11' is defined but never used     no-unused-vars
   610:10  warning  'navNextt12' is defined but never used      no-unused-vars
   627:10  warning  'reset' is defined but never used           no-unused-vars
   653:10  warning  'agesizeIn' is defined but never used       no-unused-vars
   673:4   warning  Mixed spaces and tabs                       no-mixed-spaces-and-tabs
   686:10  warning  'ageIn' is defined but never used           no-unused-vars
   719:10  warning  'frequency' is defined but never used       no-unused-vars
   740:13  warning  'matsqr' is already defined                 no-redeclare
   741:13  warning  'natsqr' is already defined                 no-redeclare
   747:13  warning  'matsqr' is already defined                 no-redeclare
   748:13  warning  'natsqr' is already defined                 no-redeclare
   754:13  warning  'matsqr' is already defined                 no-redeclare
   755:13  warning  'natsqr' is already defined                 no-redeclare
   766:5   warning  'x2' is not defined                         no-undef
   767:13  warning  'x2' is not defined                         no-undef
   795:10  warning  'agesizeIn2' is defined but never used      no-unused-vars
   828:10  warning  'ageIn2' is defined but never used          no-unused-vars
   861:10  warning  'frequency2' is defined but never used      no-unused-vars
   882:13  warning  'matsqr' is already defined                 no-redeclare
   883:13  warning  'natsqr' is already defined                 no-redeclare
   889:13  warning  'matsqr' is already defined                 no-redeclare
   890:13  warning  'natsqr' is already defined                 no-redeclare
   896:13  warning  'matsqr' is already defined                 no-redeclare
   897:13  warning  'natsqr' is already defined                 no-redeclare
   908:5   warning  'x2' is not defined                         no-undef
   909:13  warning  'x2' is not defined                         no-undef
   937:10  warning  'agesizeIn3' is defined but never used      no-unused-vars
   970:10  warning  'ageIn3' is defined but never used          no-unused-vars
  1003:10  warning  'frequency3' is defined but never used      no-unused-vars
  1024:13  warning  'matsqr' is already defined                 no-redeclare
  1025:13  warning  'natsqr' is already defined                 no-redeclare
  1031:13  warning  'matsqr' is already defined                 no-redeclare
  1032:13  warning  'natsqr' is already defined                 no-redeclare
  1038:13  warning  'matsqr' is already defined                 no-redeclare
  1039:13  warning  'natsqr' is already defined                 no-redeclare
  1050:5   warning  'x2' is not defined                         no-undef
  1051:13  warning  'x2' is not defined                         no-undef
  1659:10  warning  'tunnu' is defined but never used           no-unused-vars
  1666:27  warning  'size' is not defined                       no-undef
  1674:32  warning  'size' is not defined                       no-undef
  1697:10  warning  'submit11' is defined but never used        no-unused-vars
  1706:10  warning  'addpiler1' is defined but never used       no-unused-vars
  1744:10  warning  'movereber' is defined but never used       no-unused-vars
  1771:10  warning  'addvarniar1' is defined but never used     no-unused-vars
  1905:10  warning  'addgrip1' is defined but never used        no-unused-vars
  1919:10  warning  'addreber' is defined but never used        no-unused-vars
  1938:10  warning  'fitmachine' is defined but never used      no-unused-vars
  1955:10  warning  'movepiler1' is defined but never used      no-unused-vars
  1973:10  warning  'movepiler2' is defined but never used      no-unused-vars
  1989:10  warning  'movebeam1' is defined but never used       no-unused-vars
  2006:10  warning  'addpiler2' is defined but never used       no-unused-vars
  2029:10  warning  'addbeam2' is defined but never used        no-unused-vars
  2046:10  warning  'movepiler1s2' is defined but never used    no-unused-vars
  2066:10  warning  'movepiler2s2' is defined but never used    no-unused-vars
  2085:10  warning  'movebeam2' is defined but never used       no-unused-vars
  2103:10  warning  'addpiler3' is defined but never used       no-unused-vars
  2126:10  warning  'addbeam3' is defined but never used        no-unused-vars
  2145:10  warning  'movepiler1s3' is defined but never used    no-unused-vars
  2165:10  warning  'movepiler2s3' is defined but never used    no-unused-vars
  2181:10  warning  'movebeam3' is defined but never used       no-unused-vars
  2196:10  warning  'measurelength' is defined but never used   no-unused-vars
  2217:10  warning  'measurelength1' is defined but never used  no-unused-vars
  2239:10  warning  'measurelength2' is defined but never used  no-unused-vars
  2259:10  warning  'measurelength3' is defined but never used  no-unused-vars
  2292:10  warning  'measurelength4' is defined but never used  no-unused-vars
  2330:10  warning  'measurelength5' is defined but never used  no-unused-vars
  2364:10  warning  'measurelength6' is defined but never used  no-unused-vars
  2397:10  warning  'measurelength7' is defined but never used  no-unused-vars
  2414:10  warning  'measurelength8' is defined but never used  no-unused-vars
  2425:8   warning  Mixed spaces and tabs                       no-mixed-spaces-and-tabs
  2434:8   warning  Mixed spaces and tabs                       no-mixed-spaces-and-tabs
  2443:10  warning  'measurelength9' is defined but never used  no-unused-vars
  2455:8   warning  Mixed spaces and tabs                       no-mixed-spaces-and-tabs
  2465:10  warning  'submit12' is defined but never used        no-unused-vars
  2479:10  warning  'showgif' is defined but never used         no-unused-vars
  2497:10  warning  'submit21' is defined but never used        no-unused-vars
  2515:10  warning  'submit22' is defined but never used        no-unused-vars
  2535:10  warning  'showif2' is defined but never used         no-unused-vars
  2555:10  warning  'submit31' is defined but never used        no-unused-vars
  2573:10  warning  'submit32' is defined but never used        no-unused-vars
  2600:10  warning  'showgif3' is defined but never used        no-unused-vars
  2620:10  warning  'showgraph1' is defined but never used      no-unused-vars
  2625:9   warning  'Chartist' is not defined                   no-undef
  2753:10  warning  'showgraph2' is defined but never used      no-unused-vars
  2757:9   warning  'Chartist' is not defined                   no-undef

✖ 131 problems (0 errors, 131 warnings)

